BUILD_TARGET_SAMPLE: -------------------------Fri Feb 21 18:32:22 2014
BUILD_TARGET_SAMPLE: Fields  es1 cosmos cfhtls_xmm cdfs xmm_swire
BUILD_TARGET_SAMPLE: Vmaxavail file /global/data/scr/chh327/primus/data/vmax_avail/vmax_avail_cylr1h25_thresh80_es1_cosmos_cfhtls_xmm_cdfs_xmm_swire_ran100000_rsk1000000.fits
BUILD_TARGET_SAMPLE: mfdata file/global/data/scr/chh327/primus/mfdata/mfdata_chh/new/env_zrange/mfdata_all_supergrid01_lit.fits.gz
BUILD_TARGET_SAMPLE: Output: 
/global/data/scr/chh327/primus/data/target/target_cylr1h25_thresh80_all_lit.fits
BUILD_TARGET_SAMPLE: Total time =  0.051186017
BUILD_TARGET_SAMPLE:  
BUILD_TARGET_SAMPLE: mfdata file/global/data/scr/chh327/primus/mfdata/mfdata_chh/new/env_zrange/mfdata_active_supergrid01_lit.fits.gz
BUILD_TARGET_SAMPLE: Output: 
/global/data/scr/chh327/primus/data/target/target_cylr1h25_thresh80_active_lit.fits
BUILD_TARGET_SAMPLE: Total time =  0.079134734
BUILD_TARGET_SAMPLE:  
BUILD_TARGET_SAMPLE: mfdata file/global/data/scr/chh327/primus/mfdata/mfdata_chh/new/env_zrange/mfdata_quiescent_supergrid01_lit.fits.gz
BUILD_TARGET_SAMPLE: Output: 
/global/data/scr/chh327/primus/data/target/target_cylr1h25_thresh80_quiescent_lit.fits
BUILD_TARGET_SAMPLE: Total time =  0.088559719
BUILD_TARGET_SAMPLE:  
BUILD_ENVIRONMENT_CYLINDER: -------------------------Fri Feb 21 18:32:28 2014
BUILD_ENVIRONMENT_CYLINDER: Fields  es1 cosmos cfhtls_xmm cdfs xmm_swire
BUILD_ENVIRONMENT_CYLINDER: zmin= 0.200000 zmax= 1.00000 cylrad= 1 cylheight= 25 threshold= 0.800000
BUILD_ENVIRONMENT_CYLINDER: EDP file/global/data/scr/chh327/primus/data/EDP/EDP-primus-z0210-numden.fits
BUILD_ENVIRONMENT_CYLINDER: Ransack file/global/data/scr/chh327/primus/data/ransack/ransack_es1_cosmos_cfhtls_xmm_cdfs_xmm_swire_1000000.fits
BUILD_ENVIRONMENT_CYLINDER: active
BUILD_ENVIRONMENT_CYLINDER: Target file /global/data/scr/chh327/primus/data/target/target_cylr1h25_thresh80_active_lit.fits
  MATCHND:  39.236620
BUILD_ENVIRONMENT_CYLINDER: Envcount mean= 0.573511 median= 0.00000 min= 0.00000 max= 35.3630
BUILD_ENVIRONMENT_CYLINDER: Edgecut mean= 0.497400 median= 0.00000 min= 0 max= 1
BUILD_ENVIRONMENT_CYLINDER: Output: 
/global/data/scr/chh327/primus/data/envcount/envcount_cylr1h25_thresh80_active_lit_EDP-primus-z0210-numden.fits
BUILD_ENVIRONMENT_CYLINDER: Edgecut/Environment Time =  7.8983633
BUILD_ENVIRONMENT_CYLINDER:  
BUILD_ENVIRONMENT_CYLINDER: quiescent
BUILD_ENVIRONMENT_CYLINDER: Target file /global/data/scr/chh327/primus/data/target/target_cylr1h25_thresh80_quiescent_lit.fits
  MATCHND:  39.236620
BUILD_ENVIRONMENT_CYLINDER: Envcount mean= 0.962737 median= 0.00000 min= 0.00000 max= 35.3630
BUILD_ENVIRONMENT_CYLINDER: Edgecut mean= 0.00000 median= 0.00000 min= 0 max= 0
BUILD_TARGET_SAMPLE: -------------------------Fri Feb 21 20:27:33 2014
BUILD_TARGET_SAMPLE: Fields  es1 cosmos cfhtls_xmm cdfs xmm_swire
BUILD_TARGET_SAMPLE: Vmaxavail file /global/data/scr/chh327/primus/data/vmax_avail/vmax_avail_cylr1h25_thresh80_es1_cosmos_cfhtls_xmm_cdfs_xmm_swire_ran100000_rsk1000000.fits
BUILD_TARGET_SAMPLE: mfdata file/global/data/scr/chh327/primus/mfdata/mfdata_chh/new/env_zrange/mfdata_all_supergrid01_lit.fits.gz
BUILD_TARGET_SAMPLE: Output: 
/global/data/scr/chh327/primus/data/target/target_cylr1h25_thresh80_all_lit.fits
BUILD_TARGET_SAMPLE: Total time =  0.047328202
BUILD_TARGET_SAMPLE:  
BUILD_TARGET_SAMPLE: mfdata file/global/data/scr/chh327/primus/mfdata/mfdata_chh/new/env_zrange/mfdata_active_supergrid01_lit.fits.gz
BUILD_TARGET_SAMPLE: Output: 
/global/data/scr/chh327/primus/data/target/target_cylr1h25_thresh80_active_lit.fits
BUILD_TARGET_SAMPLE: Total time =  0.074248334
BUILD_TARGET_SAMPLE:  
BUILD_TARGET_SAMPLE: mfdata file/global/data/scr/chh327/primus/mfdata/mfdata_chh/new/env_zrange/mfdata_quiescent_supergrid01_lit.fits.gz
BUILD_TARGET_SAMPLE: Output: 
/global/data/scr/chh327/primus/data/target/target_cylr1h25_thresh80_quiescent_lit.fits
BUILD_TARGET_SAMPLE: Total time =  0.083833353
BUILD_TARGET_SAMPLE:  
BUILD_ENVIRONMENT_CYLINDER: -------------------------Fri Feb 21 20:27:39 2014
BUILD_ENVIRONMENT_CYLINDER: Fields  es1 cosmos cfhtls_xmm cdfs xmm_swire
BUILD_ENVIRONMENT_CYLINDER: zmin= 0.200000 zmax= 1.00000 cylrad= 1 cylheight= 25 threshold= 0.800000
BUILD_ENVIRONMENT_CYLINDER: EDP file/global/data/scr/chh327/primus/data/EDP/EDP-primus-z0210-numden.fits
BUILD_ENVIRONMENT_CYLINDER: Ransack file/global/data/scr/chh327/primus/data/ransack/ransack_es1_cosmos_cfhtls_xmm_cdfs_xmm_swire_1000000.fits
BUILD_ENVIRONMENT_CYLINDER: active
BUILD_ENVIRONMENT_CYLINDER: Target file /global/data/scr/chh327/primus/data/target/target_cylr1h25_thresh80_active_lit.fits
  MATCHND:  39.236620
BUILD_ENVIRONMENT_CYLINDER: Envcount mean= 0.573511 median= 0.00000 min= 0.00000 max= 35.3630
BUILD_ENVIRONMENT_CYLINDER: Edgecut mean= 0.497400 median= 0.00000 min= 0 max= 1
BUILD_ENVIRONMENT_CYLINDER: Output: 
/global/data/scr/chh327/primus/data/envcount/envcount_cylr1h25_thresh80_active_lit_EDP-primus-z0210-numden.fits
BUILD_ENVIRONMENT_CYLINDER: Edgecut/Environment Time =  7.5897118
BUILD_ENVIRONMENT_CYLINDER:  
BUILD_ENVIRONMENT_CYLINDER: quiescent
BUILD_ENVIRONMENT_CYLINDER: Target file /global/data/scr/chh327/primus/data/target/target_cylr1h25_thresh80_quiescent_lit.fits
  MATCHND:  39.236620
BUILD_ENVIRONMENT_CYLINDER: Envcount mean= 0.962737 median= 0.00000 min= 0.00000 max= 35.3630
BUILD_ENVIRONMENT_CYLINDER: Edgecut mean= 0.498335 median= 0.00000 min= 0 max= 1
BUILD_ENVIRONMENT_CYLINDER: Output: 
/global/data/scr/chh327/primus/data/envcount/envcount_cylr1h25_thresh80_quiescent_lit_EDP-primus-z0210-numden.fits
BUILD_ENVIRONMENT_CYLINDER: Edgecut/Environment Time =  2.6136292
BUILD_ENVIRONMENT_CYLINDER:  
BUILD_ENVIRONMENT_CYLINDER: Total Time= 10.209409
